Building DAG of jobs...
Using shell: /usr/bin/bash
Provided cores: 12
Rules claiming more threads will be scaled down.
Job stats:
job            count    min threads    max threads
-----------  -------  -------------  -------------
all                1              1              1
dif_exp            1              1              1
dif_exp_nc         1              1              1
htseq              1              1              1
htseq_nc           1              1              1
integration        1              1              1
preprocess         1              1              1
redProcess         1              1              1
reditools          1             12             12
redits             1              1              1
rmats              1              1              1
total             11              1             12

Select jobs to execute...

[Mon Jun  5 01:37:48 2023]
rule reditools:
    input: /array2/pedrobarros/Amanda_RNA_seq/R_Ctrl_A3Aligned_sorted.out.bam, /array2/pedrobarros/Amanda_RNA_seq/R_Ctrl_A2Aligned_sorted.out.bam, /array2/pedrobarros/Amanda_RNA_seq/S_Ctrl_A3Aligned_sorted.out.bam, /array2/pedrobarros/Amanda_RNA_seq/S_Ctrl_A1Aligned_sorted.out.bam
    output: RED, RED/RedFreqMat.csv
    jobid: 10
    reason: Missing output files: RED/RedFreqMat.csv
    threads: 12
    resources: tmpdir=/tmp

Activating conda environment: .snakemake/conda/f354c447986014a2d888c0a769ba5781_
Activating conda environment: .snakemake/conda/f354c447986014a2d888c0a769ba5781_
[Mon Jun  5 01:37:49 2023]
Error in rule reditools:
    jobid: 10
    input: /array2/pedrobarros/Amanda_RNA_seq/R_Ctrl_A3Aligned_sorted.out.bam, /array2/pedrobarros/Amanda_RNA_seq/R_Ctrl_A2Aligned_sorted.out.bam, /array2/pedrobarros/Amanda_RNA_seq/S_Ctrl_A3Aligned_sorted.out.bam, /array2/pedrobarros/Amanda_RNA_seq/S_Ctrl_A1Aligned_sorted.out.bam
    output: RED, RED/RedFreqMat.csv
    conda-env: /array2/pedrobarros/transcAnalysis/.snakemake/conda/f354c447986014a2d888c0a769ba5781_

Removing output files of failed job reditools since they might be corrupted:
RED
Shutting down, this might take some time.
Exiting because a job execution failed. Look above for error message
Complete log: .snakemake/log/2023-06-05T013745.781707.snakemake.log
